[2022-10-27 22:48:57] local.ERROR: SQLSTATE[HY000] [2002] No connection could be made because the target machine actively refused it (SQL: select count(*) as aggregate from `users` where `email` = hidayat1@gmail.com) {"exception":"[object] (Illuminate\\Database\\QueryException(code: 2002): SQLSTATE[HY000] [2002] No connection could be made because the target machine actively refused it (SQL: select count(*) as aggregate from `users` where `email` = hidayat1@gmail.com) at C:\\Users\\USER\\OneDrive\\Documents\\Kuliah\\sem5\\peweb\\ETS-PWEB-C-main\\vendor\\laravel\\framework\\src\\Illuminate\\Database\\Connection.php:671)
[stacktrace]
#0 C:\\Users\\USER\\OneDrive\\Documents\\Kuliah\\sem5\\peweb\\ETS-PWEB-C-main\\vendor\\laravel\\framework\\src\\Illuminate\\Database\\Connection.php(631): Illuminate\\Database\\Connection->runQueryCallback('select count(*)...', Array, Object(Closure))
#1 C:\\Users\\USER\\OneDrive\\Documents\\Kuliah\\sem5\\peweb\\ETS-PWEB-C-main\\vendor\\laravel\\framework\\src\\Illuminate\\Database\\Connection.php(339): Illuminate\\Database\\Connection->run('select count(*)...', Array, Object(Closure))
#2 C:\\Users\\USER\\OneDrive\\Documents\\Kuliah\\sem5\\peweb\\ETS-PWEB-C-main\\vendor\\laravel\\framework\\src\\Illuminate\\Database\\Query\\Builder.php(2270): Illuminate\\Database\\Connection->select('select count(*)...', Array, false)
#3 C:\\Users\\USER\\OneDrive\\Documents\\Kuliah\\sem5\\peweb\\ETS-PWEB-C-main\\vendor\\laravel\\framework\\src\\Illuminate\\Database\\Query\\Builder.php(2258): Illuminate\\Database\\Query\\Builder->runSelect()
#4 C:\\Users\\USER\\OneDrive\\Documents\\Kuliah\\sem5\\peweb\\ETS-PWEB-C-main\\vendor\\laravel\\framework\\src\\Illuminate\\Database\\Query\\Builder.php(2753): Illuminate\\Database\\Query\\Builder->Illuminate\\Database\\Query\\{closure}()
#5 C:\\Users\\USER\\OneDrive\\Documents\\Kuliah\\sem5\\peweb\\ETS-PWEB-C-main\\vendor\\laravel\\framework\\src\\Illuminate\\Database\\Query\\Builder.php(2259): Illuminate\\Database\\Query\\Builder->onceWithColumns(Array, Object(Closure))
#6 C:\\Users\\USER\\OneDrive\\Documents\\Kuliah\\sem5\\peweb\\ETS-PWEB-C-main\\vendor\\laravel\\framework\\src\\Illuminate\\Database\\Query\\Builder.php(2680): Illuminate\\Database\\Query\\Builder->get(Array)
#7 C:\\Users\\USER\\OneDrive\\Documents\\Kuliah\\sem5\\peweb\\ETS-PWEB-C-main\\vendor\\laravel\\framework\\src\\Illuminate\\Database\\Query\\Builder.php(2608): Illuminate\\Database\\Query\\Builder->aggregate('count', Array)
#8 C:\\Users\\USER\\OneDrive\\Documents\\Kuliah\\sem5\\peweb\\ETS-PWEB-C-main\\vendor\\laravel\\framework\\src\\Illuminate\\Validation\\DatabasePresenceVerifier.php(55): Illuminate\\Database\\Query\\Builder->count()
#9 C:\\Users\\USER\\OneDrive\\Documents\\Kuliah\\sem5\\peweb\\ETS-PWEB-C-main\\vendor\\laravel\\framework\\src\\Illuminate\\Validation\\Concerns\\ValidatesAttributes.php(765): Illuminate\\Validation\\DatabasePresenceVerifier->getCount('users', 'email', 'hidayat1@gmail....', NULL, NULL, Array)
#10 C:\\Users\\USER\\OneDrive\\Documents\\Kuliah\\sem5\\peweb\\ETS-PWEB-C-main\\vendor\\laravel\\framework\\src\\Illuminate\\Validation\\Validator.php(553): Illuminate\\Validation\\Validator->validateUnique('email', 'hidayat1@gmail....', Array, Object(Illuminate\\Validation\\Validator))
#11 C:\\Users\\USER\\OneDrive\\Documents\\Kuliah\\sem5\\peweb\\ETS-PWEB-C-main\\vendor\\laravel\\framework\\src\\Illuminate\\Validation\\Validator.php(377): Illuminate\\Validation\\Validator->validateAttribute('email', 'Unique')
#12 C:\\Users\\USER\\OneDrive\\Documents\\Kuliah\\sem5\\peweb\\ETS-PWEB-C-main\\vendor\\laravel\\framework\\src\\Illuminate\\Validation\\Validator.php(408): Illuminate\\Validation\\Validator->passes()
#13 C:\\Users\\USER\\OneDrive\\Documents\\Kuliah\\sem5\\peweb\\ETS-PWEB-C-main\\vendor\\laravel\\framework\\src\\Illuminate\\Validation\\Validator.php(450): Illuminate\\Validation\\Validator->fails()
#14 C:\\Users\\USER\\OneDrive\\Documents\\Kuliah\\sem5\\peweb\\ETS-PWEB-C-main\\vendor\\laravel\\ui\\auth-backend\\RegistersUsers.php(32): Illuminate\\Validation\\Validator->validate()
#15 C:\\Users\\USER\\OneDrive\\Documents\\Kuliah\\sem5\\peweb\\ETS-PWEB-C-main\\vendor\\laravel\\framework\\src\\Illuminate\\Routing\\Controller.php(54): App\\Http\\Controllers\\Auth\\RegisterController->register(Object(Illuminate\\Http\\Request))
#16 C:\\Users\\USER\\OneDrive\\Documents\\Kuliah\\sem5\\peweb\\ETS-PWEB-C-main\\vendor\\laravel\\framework\\src\\Illuminate\\Routing\\ControllerDispatcher.php(45): Illuminate\\Routing\\Controller->callAction('register', Array)
#17 C:\\Users\\USER\\OneDrive\\Documents\\Kuliah\\sem5\\peweb\\ETS-PWEB-C-main\\vendor\\laravel\\framework\\src\\Illuminate\\Routing\\Route.php(239): Illuminate\\Routing\\ControllerDispatcher->dispatch(Object(Illuminate\\Routing\\Route), Object(App\\Http\\Controllers\\Auth\\RegisterController), 'register')
#18 C:\\Users\\USER\\OneDrive\\Documents\\Kuliah\\sem5\\peweb\\ETS-PWEB-C-main\\vendor\\laravel\\framework\\src\\Illuminate\\Routing\\Route.php(196): Illuminate\\Routing\\Route->runController()
#19 C:\\Users\\USER\\OneDrive\\Documents\\Kuliah\\sem5\\peweb\\ETS-PWEB-C-main\\vendor\\laravel\\framework\\src\\Illuminate\\Routing\\Router.php(685): Illuminate\\Routing\\Route->run()
#20 C:\\Users\\USER\\OneDrive\\Documents\\Kuliah\\sem5\\peweb\\ETS-PWEB-C-main\\vendor\\laravel\\framework\\src\\Illuminate\\Pipeline\\Pipeline.php(128): Illuminate\\Routing\\Router->Illuminate\\Routing\\{closure}(Object(Illuminate\\Http\\Request))
#21 C:\\Users\\USER\\OneDrive\\Documents\\Kuliah\\sem5\\peweb\\ETS-PWEB-C-main\\app\\Http\\Middleware\\RedirectIfAuthenticated.php(24): Illuminate\\Pipeline\\Pipeline->Illuminate\\Pipeline\\{closure}(Object(Illuminate\\Http\\Request))
#22 C:\\Users\\USER\\OneDrive\\Documents\\Kuliah\\sem5\\peweb\\ETS-PWEB-C-main\\vendor\\laravel\\framework\\src\\Illuminate\\Pipeline\\Pipeline.php(167): App\\Http\\Middleware\\RedirectIfAuthenticated->handle(Object(Illuminate\\Http\\Request), Object(Closure))
#23 C:\\Users\\USER\\OneDrive\\Documents\\Kuliah\\sem5\\peweb\\ETS-PWEB-C-main\\vendor\\laravel\\framework\\src\\Illuminate\\Routing\\Middleware\\SubstituteBindings.php(41): Illuminate\\Pipeline\\Pipeline->Illuminate\\Pipeline\\{closure}(Object(Illuminate\\Http\\Request))
#24 C:\\Users\\USER\\OneDrive\\Documents\\Kuliah\\sem5\\peweb\\ETS-PWEB-C-main\\vendor\\laravel\\framework\\src\\Illuminate\\Pipeline\\Pipeline.php(167): Illuminate\\Routing\\Middleware\\SubstituteBindings->handle(Object(Illuminate\\Http\\Request), Object(Closure))
#25 C:\\Users\\USER\\OneDrive\\Documents\\Kuliah\\sem5\\peweb\\ETS-PWEB-C-main\\vendor\\laravel\\framework\\src\\Illuminate\\Foundation\\Http\\Middleware\\VerifyCsrfToken.php(78): Illuminate\\Pipeline\\Pipeline->Illuminate\\Pipeline\\{closure}(Object(Illuminate\\Http\\Request))
#26 C:\\Users\\USER\\OneDrive\\Documents\\Kuliah\\sem5\\peweb\\ETS-PWEB-C-main\\vendor\\laravel\\framework\\src\\Illuminate\\Pipeline\\Pipeline.php(167): Illuminate\\Foundation\\Http\\Middleware\\VerifyCsrfToken->handle(Object(Illuminate\\Http\\Request), Object(Closure))
#27 C:\\Users\\USER\\OneDrive\\Documents\\Kuliah\\sem5\\peweb\\ETS-PWEB-C-main\\vendor\\laravel\\framework\\src\\Illuminate\\View\\Middleware\\ShareErrorsFromSession.php(49): Illuminate\\Pipeline\\Pipeline->Illuminate\\Pipeline\\{closure}(Object(Illuminate\\Http\\Request))
#28 C:\\Users\\USER\\OneDrive\\Documents\\Kuliah\\sem5\\peweb\\ETS-PWEB-C-main\\vendor\\laravel\\framework\\src\\Illuminate\\Pipeline\\Pipeline.php(167): Illuminate\\View\\Middleware\\ShareErrorsFromSession->handle(Object(Illuminate\\Http\\Request), Object(Closure))
#29 C:\\Users\\USER\\OneDrive\\Documents\\Kuliah\\sem5\\peweb\\ETS-PWEB-C-main\\vendor\\laravel\\framework\\src\\Illuminate\\Session\\Middleware\\StartSession.php(116): Illuminate\\Pipeline\\Pipeline->Illuminate\\Pipeline\\{closure}(Object(Illuminate\\Http\\Request))
#30 C:\\Users\\USER\\OneDrive\\Documents\\Kuliah\\sem5\\peweb\\ETS-PWEB-C-main\\vendor\\laravel\\framework\\src\\Illuminate\\Session\\Middleware\\StartSession.php(62): Illuminate\\Session\\Middleware\\StartSession->handleStatefulRequest(Object(Illuminate\\Http\\Request), Object(Illuminate\\Session\\Store), Object(Closure))
#31 C:\\Users\\USER\\OneDrive\\Documents\\Kuliah\\sem5\\peweb\\ETS-PWEB-C-main\\vendor\\laravel\\framework\\src\\Illuminate\\Pipeline\\Pipeline.php(167): Illuminate\\Session\\Middleware\\StartSession->handle(Object(Illuminate\\Http\\Request), Object(Closure))
#32 C:\\Users\\USER\\OneDrive\\Documents\\Kuliah\\sem5\\peweb\\ETS-PWEB-C-main\\vendor\\laravel\\framework\\src\\Illuminate\\Cookie\\Middleware\\AddQueuedCookiesToResponse.php(37): Illuminate\\Pipeline\\Pipeline->Illuminate\\Pipeline\\{closure}(Object(Illuminate\\Http\\Request))
#33 C:\\Users\\USER\\OneDrive\\Documents\\Kuliah\\sem5\\peweb\\ETS-PWEB-C-main\\vendor\\laravel\\framework\\src\\Illuminate\\Pipeline\\Pipeline.php(167): Illuminate\\Cookie\\Middleware\\AddQueuedCookiesToResponse->handle(Object(Illuminate\\Http\\Request), Object(Closure))
#34 C:\\Users\\USER\\OneDrive\\Documents\\Kuliah\\sem5\\peweb\\ETS-PWEB-C-main\\vendor\\laravel\\framework\\src\\Illuminate\\Cookie\\Middleware\\EncryptCookies.php(67): Illuminate\\Pipeline\\Pipeline->Illuminate\\Pipeline\\{closure}(Object(Illuminate\\Http\\Request))
#35 C:\\Users\\USER\\OneDrive\\Documents\\Kuliah\\sem5\\peweb\\ETS-PWEB-C-main\\vendor\\laravel\\framework\\src\\Illuminate\\Pipeline\\Pipeline.php(167): Illuminate\\Cookie\\Middleware\\EncryptCookies->handle(Object(Illuminate\\Http\\Request), Object(Closure))
#36 C:\\Users\\USER\\OneDrive\\Documents\\Kuliah\\sem5\\peweb\\ETS-PWEB-C-main\\vendor\\laravel\\framework\\src\\Illuminate\\Pipeline\\Pipeline.php(103): Illuminate\\Pipeline\\Pipeline->Illuminate\\Pipeline\\{closure}(Object(Illuminate\\Http\\Request))
#37 C:\\Users\\USER\\OneDrive\\Documents\\Kuliah\\sem5\\peweb\\ETS-PWEB-C-main\\vendor\\laravel\\framework\\src\\Illuminate\\Routing\\Router.php(687): Illuminate\\Pipeline\\Pipeline->then(Object(Closure))
#38 C:\\Users\\USER\\OneDrive\\Documents\\Kuliah\\sem5\\peweb\\ETS-PWEB-C-main\\vendor\\laravel\\framework\\src\\Illuminate\\Routing\\Router.php(662): Illuminate\\Routing\\Router->runRouteWithinStack(Object(Illuminate\\Routing\\Route), Object(Illuminate\\Http\\Request))
#39 C:\\Users\\USER\\OneDrive\\Documents\\Kuliah\\sem5\\peweb\\ETS-PWEB-C-main\\vendor\\laravel\\framework\\src\\Illuminate\\Routing\\Router.php(628): Illuminate\\Routing\\Router->runRoute(Object(Illuminate\\Http\\Request), Object(Illuminate\\Routing\\Route))
#40 C:\\Users\\USER\\OneDrive\\Documents\\Kuliah\\sem5\\peweb\\ETS-PWEB-C-main\\vendor\\laravel\\framework\\src\\Illuminate\\Routing\\Router.php(617): Illuminate\\Routing\\Router->dispatchToRoute(Object(Illuminate\\Http\\Request))
#41 C:\\Users\\USER\\OneDrive\\Documents\\Kuliah\\sem5\\peweb\\ETS-PWEB-C-main\\vendor\\laravel\\framework\\src\\Illuminate\\Foundation\\Http\\Kernel.php(165): Illuminate\\Routing\\Router->dispatch(Object(Illuminate\\Http\\Request))
#42 C:\\Users\\USER\\OneDrive\\Documents\\Kuliah\\sem5\\peweb\\ETS-PWEB-C-main\\vendor\\laravel\\framework\\src\\Illuminate\\Pipeline\\Pipeline.php(128): Illuminate\\Foundation\\Http\\Kernel->Illuminate\\Foundation\\Http\\{closure}(Object(Illuminate\\Http\\Request))
#43 C:\\Users\\USER\\OneDrive\\Documents\\Kuliah\\sem5\\peweb\\ETS-PWEB-C-main\\vendor\\laravel\\framework\\src\\Illuminate\\Foundation\\Http\\Middleware\\TransformsRequest.php(21): Illuminate\\Pipeline\\Pipeline->Illuminate\\Pipeline\\{closure}(Object(Illuminate\\Http\\Request))
#44 C:\\Users\\USER\\OneDrive\\Documents\\Kuliah\\sem5\\peweb\\ETS-PWEB-C-main\\vendor\\laravel\\framework\\src\\Illuminate\\Pipeline\\Pipeline.php(167): Illuminate\\Foundation\\Http\\Middleware\\TransformsRequest->handle(Object(Illuminate\\Http\\Request), Object(Closure))
#45 C:\\Users\\USER\\OneDrive\\Documents\\Kuliah\\sem5\\peweb\\ETS-PWEB-C-main\\vendor\\laravel\\framework\\src\\Illuminate\\Foundation\\Http\\Middleware\\TransformsRequest.php(21): Illuminate\\Pipeline\\Pipeline->Illuminate\\Pipeline\\{closure}(Object(Illuminate\\Http\\Request))
#46 C:\\Users\\USER\\OneDrive\\Documents\\Kuliah\\sem5\\peweb\\ETS-PWEB-C-main\\vendor\\laravel\\framework\\src\\Illuminate\\Pipeline\\Pipeline.php(167): Illuminate\\Foundation\\Http\\Middleware\\TransformsRequest->handle(Object(Illuminate\\Http\\Request), Object(Closure))
#47 C:\\Users\\USER\\OneDrive\\Documents\\Kuliah\\sem5\\peweb\\ETS-PWEB-C-main\\vendor\\laravel\\framework\\src\\Illuminate\\Foundation\\Http\\Middleware\\ValidatePostSize.php(27): Illuminate\\Pipeline\\Pipeline->Illuminate\\Pipeline\\{closure}(Object(Illuminate\\Http\\Request))
#48 C:\\Users\\USER\\OneDrive\\Documents\\Kuliah\\sem5\\peweb\\ETS-PWEB-C-main\\vendor\\laravel\\framework\\src\\Illuminate\\Pipeline\\Pipeline.php(167): Illuminate\\Foundation\\Http\\Middleware\\ValidatePostSize->handle(Object(Illuminate\\Http\\Request), Object(Closure))
#49 C:\\Users\\USER\\OneDrive\\Documents\\Kuliah\\sem5\\peweb\\ETS-PWEB-C-main\\vendor\\laravel\\framework\\src\\Illuminate\\Foundation\\Http\\Middleware\\CheckForMaintenanceMode.php(63): Illuminate\\Pipeline\\Pipeline->Illuminate\\Pipeline\\{closure}(Object(Illuminate\\Http\\Request))
#50 C:\\Users\\USER\\OneDrive\\Documents\\Kuliah\\sem5\\peweb\\ETS-PWEB-C-main\\vendor\\laravel\\framework\\src\\Illuminate\\Pipeline\\Pipeline.php(167): Illuminate\\Foundation\\Http\\Middleware\\CheckForMaintenanceMode->handle(Object(Illuminate\\Http\\Request), Object(Closure))
#51 C:\\Users\\USER\\OneDrive\\Documents\\Kuliah\\sem5\\peweb\\ETS-PWEB-C-main\\vendor\\fideloper\\proxy\\src\\TrustProxies.php(57): Illuminate\\Pipeline\\Pipeline->Illuminate\\Pipeline\\{closure}(Object(Illuminate\\Http\\Request))
#52 C:\\Users\\USER\\OneDrive\\Documents\\Kuliah\\sem5\\peweb\\ETS-PWEB-C-main\\vendor\\laravel\\framework\\src\\Illuminate\\Pipeline\\Pipeline.php(167): Fideloper\\Proxy\\TrustProxies->handle(Object(Illuminate\\Http\\Request), Object(Closure))
#53 C:\\Users\\USER\\OneDrive\\Documents\\Kuliah\\sem5\\peweb\\ETS-PWEB-C-main\\vendor\\laravel\\framework\\src\\Illuminate\\Pipeline\\Pipeline.php(103): Illuminate\\Pipeline\\Pipeline->Illuminate\\Pipeline\\{closure}(Object(Illuminate\\Http\\Request))
#54 C:\\Users\\USER\\OneDrive\\Documents\\Kuliah\\sem5\\peweb\\ETS-PWEB-C-main\\vendor\\laravel\\framework\\src\\Illuminate\\Foundation\\Http\\Kernel.php(140): Illuminate\\Pipeline\\Pipeline->then(Object(Closure))
#55 C:\\Users\\USER\\OneDrive\\Documents\\Kuliah\\sem5\\peweb\\ETS-PWEB-C-main\\vendor\\laravel\\framework\\src\\Illuminate\\Foundation\\Http\\Kernel.php(109): Illuminate\\Foundation\\Http\\Kernel->sendRequestThroughRouter(Object(Illuminate\\Http\\Request))
#56 C:\\Users\\USER\\OneDrive\\Documents\\Kuliah\\sem5\\peweb\\ETS-PWEB-C-main\\public\\index.php(55): Illuminate\\Foundation\\Http\\Kernel->handle(Object(Illuminate\\Http\\Request))
#57 C:\\Users\\USER\\OneDrive\\Documents\\Kuliah\\sem5\\peweb\\ETS-PWEB-C-main\\server.php(21): require_once('C:\\\\Users\\\\USER\\\\O...')
#58 {main}

[previous exception] [object] (PDOException(code: 2002): SQLSTATE[HY000] [2002] No connection could be made because the target machine actively refused it at C:\\Users\\USER\\OneDrive\\Documents\\Kuliah\\sem5\\peweb\\ETS-PWEB-C-main\\vendor\\laravel\\framework\\src\\Illuminate\\Database\\Connectors\\Connector.php:70)
[stacktrace]
#0 C:\\Users\\USER\\OneDrive\\Documents\\Kuliah\\sem5\\peweb\\ETS-PWEB-C-main\\vendor\\laravel\\framework\\src\\Illuminate\\Database\\Connectors\\Connector.php(70): PDO->__construct('mysql:host=127....', 'root', '', Array)
#1 C:\\Users\\USER\\OneDrive\\Documents\\Kuliah\\sem5\\peweb\\ETS-PWEB-C-main\\vendor\\laravel\\framework\\src\\Illuminate\\Database\\Connectors\\Connector.php(46): Illuminate\\Database\\Connectors\\Connector->createPdoConnection('mysql:host=127....', 'root', '', Array)
#2 C:\\Users\\USER\\OneDrive\\Documents\\Kuliah\\sem5\\peweb\\ETS-PWEB-C-main\\vendor\\laravel\\framework\\src\\Illuminate\\Database\\Connectors\\MySqlConnector.php(24): Illuminate\\Database\\Connectors\\Connector->createConnection('mysql:host=127....', Array, Array)
#3 C:\\Users\\USER\\OneDrive\\Documents\\Kuliah\\sem5\\peweb\\ETS-PWEB-C-main\\vendor\\laravel\\framework\\src\\Illuminate\\Database\\Connectors\\ConnectionFactory.php(184): Illuminate\\Database\\Connectors\\MySqlConnector->connect(Array)
#4 [internal function]: Illuminate\\Database\\Connectors\\ConnectionFactory->Illuminate\\Database\\Connectors\\{closure}()
#5 C:\\Users\\USER\\OneDrive\\Documents\\Kuliah\\sem5\\peweb\\ETS-PWEB-C-main\\vendor\\laravel\\framework\\src\\Illuminate\\Database\\Connection.php(926): call_user_func(Object(Closure))
#6 C:\\Users\\USER\\OneDrive\\Documents\\Kuliah\\sem5\\peweb\\ETS-PWEB-C-main\\vendor\\laravel\\framework\\src\\Illuminate\\Database\\Connection.php(405): Illuminate\\Database\\Connection->getPdo()
#7 C:\\Users\\USER\\OneDrive\\Documents\\Kuliah\\sem5\\peweb\\ETS-PWEB-C-main\\vendor\\laravel\\framework\\src\\Illuminate\\Database\\Connection.php(331): Illuminate\\Database\\Connection->getPdoForSelect(false)
#8 C:\\Users\\USER\\OneDrive\\Documents\\Kuliah\\sem5\\peweb\\ETS-PWEB-C-main\\vendor\\laravel\\framework\\src\\Illuminate\\Database\\Connection.php(664): Illuminate\\Database\\Connection->Illuminate\\Database\\{closure}('select count(*)...', Array)
#9 C:\\Users\\USER\\OneDrive\\Documents\\Kuliah\\sem5\\peweb\\ETS-PWEB-C-main\\vendor\\laravel\\framework\\src\\Illuminate\\Database\\Connection.php(631): Illuminate\\Database\\Connection->runQueryCallback('select count(*)...', Array, Object(Closure))
#10 C:\\Users\\USER\\OneDrive\\Documents\\Kuliah\\sem5\\peweb\\ETS-PWEB-C-main\\vendor\\laravel\\framework\\src\\Illuminate\\Database\\Connection.php(339): Illuminate\\Database\\Connection->run('select count(*)...', Array, Object(Closure))
#11 C:\\Users\\USER\\OneDrive\\Documents\\Kuliah\\sem5\\peweb\\ETS-PWEB-C-main\\vendor\\laravel\\framework\\src\\Illuminate\\Database\\Query\\Builder.php(2270): Illuminate\\Database\\Connection->select('select count(*)...', Array, false)
#12 C:\\Users\\USER\\OneDrive\\Documents\\Kuliah\\sem5\\peweb\\ETS-PWEB-C-main\\vendor\\laravel\\framework\\src\\Illuminate\\Database\\Query\\Builder.php(2258): Illuminate\\Database\\Query\\Builder->runSelect()
#13 C:\\Users\\USER\\OneDrive\\Documents\\Kuliah\\sem5\\peweb\\ETS-PWEB-C-main\\vendor\\laravel\\framework\\src\\Illuminate\\Database\\Query\\Builder.php(2753): Illuminate\\Database\\Query\\Builder->Illuminate\\Database\\Query\\{closure}()
#14 C:\\Users\\USER\\OneDrive\\Documents\\Kuliah\\sem5\\peweb\\ETS-PWEB-C-main\\vendor\\laravel\\framework\\src\\Illuminate\\Database\\Query\\Builder.php(2259): Illuminate\\Database\\Query\\Builder->onceWithColumns(Array, Object(Closure))
#15 C:\\Users\\USER\\OneDrive\\Documents\\Kuliah\\sem5\\peweb\\ETS-PWEB-C-main\\vendor\\laravel\\framework\\src\\Illuminate\\Database\\Query\\Builder.php(2680): Illuminate\\Database\\Query\\Builder->get(Array)
#16 C:\\Users\\USER\\OneDrive\\Documents\\Kuliah\\sem5\\peweb\\ETS-PWEB-C-main\\vendor\\laravel\\framework\\src\\Illuminate\\Database\\Query\\Builder.php(2608): Illuminate\\Database\\Query\\Builder->aggregate('count', Array)
#17 C:\\Users\\USER\\OneDrive\\Documents\\Kuliah\\sem5\\peweb\\ETS-PWEB-C-main\\vendor\\laravel\\framework\\src\\Illuminate\\Validation\\DatabasePresenceVerifier.php(55): Illuminate\\Database\\Query\\Builder->count()
#18 C:\\Users\\USER\\OneDrive\\Documents\\Kuliah\\sem5\\peweb\\ETS-PWEB-C-main\\vendor\\laravel\\framework\\src\\Illuminate\\Validation\\Concerns\\ValidatesAttributes.php(765): Illuminate\\Validation\\DatabasePresenceVerifier->getCount('users', 'email', 'hidayat1@gmail....', NULL, NULL, Array)
#19 C:\\Users\\USER\\OneDrive\\Documents\\Kuliah\\sem5\\peweb\\ETS-PWEB-C-main\\vendor\\laravel\\framework\\src\\Illuminate\\Validation\\Validator.php(553): Illuminate\\Validation\\Validator->validateUnique('email', 'hidayat1@gmail....', Array, Object(Illuminate\\Validation\\Validator))
#20 C:\\Users\\USER\\OneDrive\\Documents\\Kuliah\\sem5\\peweb\\ETS-PWEB-C-main\\vendor\\laravel\\framework\\src\\Illuminate\\Validation\\Validator.php(377): Illuminate\\Validation\\Validator->validateAttribute('email', 'Unique')
#21 C:\\Users\\USER\\OneDrive\\Documents\\Kuliah\\sem5\\peweb\\ETS-PWEB-C-main\\vendor\\laravel\\framework\\src\\Illuminate\\Validation\\Validator.php(408): Illuminate\\Validation\\Validator->passes()
#22 C:\\Users\\USER\\OneDrive\\Documents\\Kuliah\\sem5\\peweb\\ETS-PWEB-C-main\\vendor\\laravel\\framework\\src\\Illuminate\\Validation\\Validator.php(450): Illuminate\\Validation\\Validator->fails()
#23 C:\\Users\\USER\\OneDrive\\Documents\\Kuliah\\sem5\\peweb\\ETS-PWEB-C-main\\vendor\\laravel\\ui\\auth-backend\\RegistersUsers.php(32): Illuminate\\Validation\\Validator->validate()
#24 C:\\Users\\USER\\OneDrive\\Documents\\Kuliah\\sem5\\peweb\\ETS-PWEB-C-main\\vendor\\laravel\\framework\\src\\Illuminate\\Routing\\Controller.php(54): App\\Http\\Controllers\\Auth\\RegisterController->register(Object(Illuminate\\Http\\Request))
#25 C:\\Users\\USER\\OneDrive\\Documents\\Kuliah\\sem5\\peweb\\ETS-PWEB-C-main\\vendor\\laravel\\framework\\src\\Illuminate\\Routing\\ControllerDispatcher.php(45): Illuminate\\Routing\\Controller->callAction('register', Array)
#26 C:\\Users\\USER\\OneDrive\\Documents\\Kuliah\\sem5\\peweb\\ETS-PWEB-C-main\\vendor\\laravel\\framework\\src\\Illuminate\\Routing\\Route.php(239): Illuminate\\Routing\\ControllerDispatcher->dispatch(Object(Illuminate\\Routing\\Route), Object(App\\Http\\Controllers\\Auth\\RegisterController), 'register')
#27 C:\\Users\\USER\\OneDrive\\Documents\\Kuliah\\sem5\\peweb\\ETS-PWEB-C-main\\vendor\\laravel\\framework\\src\\Illuminate\\Routing\\Route.php(196): Illuminate\\Routing\\Route->runController()
#28 C:\\Users\\USER\\OneDrive\\Documents\\Kuliah\\sem5\\peweb\\ETS-PWEB-C-main\\vendor\\laravel\\framework\\src\\Illuminate\\Routing\\Router.php(685): Illuminate\\Routing\\Route->run()
#29 C:\\Users\\USER\\OneDrive\\Documents\\Kuliah\\sem5\\peweb\\ETS-PWEB-C-main\\vendor\\laravel\\framework\\src\\Illuminate\\Pipeline\\Pipeline.php(128): Illuminate\\Routing\\Router->Illuminate\\Routing\\{closure}(Object(Illuminate\\Http\\Request))
#30 C:\\Users\\USER\\OneDrive\\Documents\\Kuliah\\sem5\\peweb\\ETS-PWEB-C-main\\app\\Http\\Middleware\\RedirectIfAuthenticated.php(24): Illuminate\\Pipeline\\Pipeline->Illuminate\\Pipeline\\{closure}(Object(Illuminate\\Http\\Request))
#31 C:\\Users\\USER\\OneDrive\\Documents\\Kuliah\\sem5\\peweb\\ETS-PWEB-C-main\\vendor\\laravel\\framework\\src\\Illuminate\\Pipeline\\Pipeline.php(167): App\\Http\\Middleware\\RedirectIfAuthenticated->handle(Object(Illuminate\\Http\\Request), Object(Closure))
#32 C:\\Users\\USER\\OneDrive\\Documents\\Kuliah\\sem5\\peweb\\ETS-PWEB-C-main\\vendor\\laravel\\framework\\src\\Illuminate\\Routing\\Middleware\\SubstituteBindings.php(41): Illuminate\\Pipeline\\Pipeline->Illuminate\\Pipeline\\{closure}(Object(Illuminate\\Http\\Request))
#33 C:\\Users\\USER\\OneDrive\\Documents\\Kuliah\\sem5\\peweb\\ETS-PWEB-C-main\\vendor\\laravel\\framework\\src\\Illuminate\\Pipeline\\Pipeline.php(167): Illuminate\\Routing\\Middleware\\SubstituteBindings->handle(Object(Illuminate\\Http\\Request), Object(Closure))
#34 C:\\Users\\USER\\OneDrive\\Documents\\Kuliah\\sem5\\peweb\\ETS-PWEB-C-main\\vendor\\laravel\\framework\\src\\Illuminate\\Foundation\\Http\\Middleware\\VerifyCsrfToken.php(78): Illuminate\\Pipeline\\Pipeline->Illuminate\\Pipeline\\{closure}(Object(Illuminate\\Http\\Request))
#35 C:\\Users\\USER\\OneDrive\\Documents\\Kuliah\\sem5\\peweb\\ETS-PWEB-C-main\\vendor\\laravel\\framework\\src\\Illuminate\\Pipeline\\Pipeline.php(167): Illuminate\\Foundation\\Http\\Middleware\\VerifyCsrfToken->handle(Object(Illuminate\\Http\\Request), Object(Closure))
#36 C:\\Users\\USER\\OneDrive\\Documents\\Kuliah\\sem5\\peweb\\ETS-PWEB-C-main\\vendor\\laravel\\framework\\src\\Illuminate\\View\\Middleware\\ShareErrorsFromSession.php(49): Illuminate\\Pipeline\\Pipeline->Illuminate\\Pipeline\\{closure}(Object(Illuminate\\Http\\Request))
#37 C:\\Users\\USER\\OneDrive\\Documents\\Kuliah\\sem5\\peweb\\ETS-PWEB-C-main\\vendor\\laravel\\framework\\src\\Illuminate\\Pipeline\\Pipeline.php(167): Illuminate\\View\\Middleware\\ShareErrorsFromSession->handle(Object(Illuminate\\Http\\Request), Object(Closure))
#38 C:\\Users\\USER\\OneDrive\\Documents\\Kuliah\\sem5\\peweb\\ETS-PWEB-C-main\\vendor\\laravel\\framework\\src\\Illuminate\\Session\\Middleware\\StartSession.php(116): Illuminate\\Pipeline\\Pipeline->Illuminate\\Pipeline\\{closure}(Object(Illuminate\\Http\\Request))
#39 C:\\Users\\USER\\OneDrive\\Documents\\Kuliah\\sem5\\peweb\\ETS-PWEB-C-main\\vendor\\laravel\\framework\\src\\Illuminate\\Session\\Middleware\\StartSession.php(62): Illuminate\\Session\\Middleware\\StartSession->handleStatefulRequest(Object(Illuminate\\Http\\Request), Object(Illuminate\\Session\\Store), Object(Closure))
#40 C:\\Users\\USER\\OneDrive\\Documents\\Kuliah\\sem5\\peweb\\ETS-PWEB-C-main\\vendor\\laravel\\framework\\src\\Illuminate\\Pipeline\\Pipeline.php(167): Illuminate\\Session\\Middleware\\StartSession->handle(Object(Illuminate\\Http\\Request), Object(Closure))
#41 C:\\Users\\USER\\OneDrive\\Documents\\Kuliah\\sem5\\peweb\\ETS-PWEB-C-main\\vendor\\laravel\\framework\\src\\Illuminate\\Cookie\\Middleware\\AddQueuedCookiesToResponse.php(37): Illuminate\\Pipeline\\Pipeline->Illuminate\\Pipeline\\{closure}(Object(Illuminate\\Http\\Request))
#42 C:\\Users\\USER\\OneDrive\\Documents\\Kuliah\\sem5\\peweb\\ETS-PWEB-C-main\\vendor\\laravel\\framework\\src\\Illuminate\\Pipeline\\Pipeline.php(167): Illuminate\\Cookie\\Middleware\\AddQueuedCookiesToResponse->handle(Object(Illuminate\\Http\\Request), Object(Closure))
#43 C:\\Users\\USER\\OneDrive\\Documents\\Kuliah\\sem5\\peweb\\ETS-PWEB-C-main\\vendor\\laravel\\framework\\src\\Illuminate\\Cookie\\Middleware\\EncryptCookies.php(67): Illuminate\\Pipeline\\Pipeline->Illuminate\\Pipeline\\{closure}(Object(Illuminate\\Http\\Request))
#44 C:\\Users\\USER\\OneDrive\\Documents\\Kuliah\\sem5\\peweb\\ETS-PWEB-C-main\\vendor\\laravel\\framework\\src\\Illuminate\\Pipeline\\Pipeline.php(167): Illuminate\\Cookie\\Middleware\\EncryptCookies->handle(Object(Illuminate\\Http\\Request), Object(Closure))
#45 C:\\Users\\USER\\OneDrive\\Documents\\Kuliah\\sem5\\peweb\\ETS-PWEB-C-main\\vendor\\laravel\\framework\\src\\Illuminate\\Pipeline\\Pipeline.php(103): Illuminate\\Pipeline\\Pipeline->Illuminate\\Pipeline\\{closure}(Object(Illuminate\\Http\\Request))
#46 C:\\Users\\USER\\OneDrive\\Documents\\Kuliah\\sem5\\peweb\\ETS-PWEB-C-main\\vendor\\laravel\\framework\\src\\Illuminate\\Routing\\Router.php(687): Illuminate\\Pipeline\\Pipeline->then(Object(Closure))
#47 C:\\Users\\USER\\OneDrive\\Documents\\Kuliah\\sem5\\peweb\\ETS-PWEB-C-main\\vendor\\laravel\\framework\\src\\Illuminate\\Routing\\Router.php(662): Illuminate\\Routing\\Router->runRouteWithinStack(Object(Illuminate\\Routing\\Route), Object(Illuminate\\Http\\Request))
#48 C:\\Users\\USER\\OneDrive\\Documents\\Kuliah\\sem5\\peweb\\ETS-PWEB-C-main\\vendor\\laravel\\framework\\src\\Illuminate\\Routing\\Router.php(628): Illuminate\\Routing\\Router->runRoute(Object(Illuminate\\Http\\Request), Object(Illuminate\\Routing\\Route))
#49 C:\\Users\\USER\\OneDrive\\Documents\\Kuliah\\sem5\\peweb\\ETS-PWEB-C-main\\vendor\\laravel\\framework\\src\\Illuminate\\Routing\\Router.php(617): Illuminate\\Routing\\Router->dispatchToRoute(Object(Illuminate\\Http\\Request))
#50 C:\\Users\\USER\\OneDrive\\Documents\\Kuliah\\sem5\\peweb\\ETS-PWEB-C-main\\vendor\\laravel\\framework\\src\\Illuminate\\Foundation\\Http\\Kernel.php(165): Illuminate\\Routing\\Router->dispatch(Object(Illuminate\\Http\\Request))
#51 C:\\Users\\USER\\OneDrive\\Documents\\Kuliah\\sem5\\peweb\\ETS-PWEB-C-main\\vendor\\laravel\\framework\\src\\Illuminate\\Pipeline\\Pipeline.php(128): Illuminate\\Foundation\\Http\\Kernel->Illuminate\\Foundation\\Http\\{closure}(Object(Illuminate\\Http\\Request))
#52 C:\\Users\\USER\\OneDrive\\Documents\\Kuliah\\sem5\\peweb\\ETS-PWEB-C-main\\vendor\\laravel\\framework\\src\\Illuminate\\Foundation\\Http\\Middleware\\TransformsRequest.php(21): Illuminate\\Pipeline\\Pipeline->Illuminate\\Pipeline\\{closure}(Object(Illuminate\\Http\\Request))
#53 C:\\Users\\USER\\OneDrive\\Documents\\Kuliah\\sem5\\peweb\\ETS-PWEB-C-main\\vendor\\laravel\\framework\\src\\Illuminate\\Pipeline\\Pipeline.php(167): Illuminate\\Foundation\\Http\\Middleware\\TransformsRequest->handle(Object(Illuminate\\Http\\Request), Object(Closure))
#54 C:\\Users\\USER\\OneDrive\\Documents\\Kuliah\\sem5\\peweb\\ETS-PWEB-C-main\\vendor\\laravel\\framework\\src\\Illuminate\\Foundation\\Http\\Middleware\\TransformsRequest.php(21): Illuminate\\Pipeline\\Pipeline->Illuminate\\Pipeline\\{closure}(Object(Illuminate\\Http\\Request))
#55 C:\\Users\\USER\\OneDrive\\Documents\\Kuliah\\sem5\\peweb\\ETS-PWEB-C-main\\vendor\\laravel\\framework\\src\\Illuminate\\Pipeline\\Pipeline.php(167): Illuminate\\Foundation\\Http\\Middleware\\TransformsRequest->handle(Object(Illuminate\\Http\\Request), Object(Closure))
#56 C:\\Users\\USER\\OneDrive\\Documents\\Kuliah\\sem5\\peweb\\ETS-PWEB-C-main\\vendor\\laravel\\framework\\src\\Illuminate\\Foundation\\Http\\Middleware\\ValidatePostSize.php(27): Illuminate\\Pipeline\\Pipeline->Illuminate\\Pipeline\\{closure}(Object(Illuminate\\Http\\Request))
#57 C:\\Users\\USER\\OneDrive\\Documents\\Kuliah\\sem5\\peweb\\ETS-PWEB-C-main\\vendor\\laravel\\framework\\src\\Illuminate\\Pipeline\\Pipeline.php(167): Illuminate\\Foundation\\Http\\Middleware\\ValidatePostSize->handle(Object(Illuminate\\Http\\Request), Object(Closure))
#58 C:\\Users\\USER\\OneDrive\\Documents\\Kuliah\\sem5\\peweb\\ETS-PWEB-C-main\\vendor\\laravel\\framework\\src\\Illuminate\\Foundation\\Http\\Middleware\\CheckForMaintenanceMode.php(63): Illuminate\\Pipeline\\Pipeline->Illuminate\\Pipeline\\{closure}(Object(Illuminate\\Http\\Request))
#59 C:\\Users\\USER\\OneDrive\\Documents\\Kuliah\\sem5\\peweb\\ETS-PWEB-C-main\\vendor\\laravel\\framework\\src\\Illuminate\\Pipeline\\Pipeline.php(167): Illuminate\\Foundation\\Http\\Middleware\\CheckForMaintenanceMode->handle(Object(Illuminate\\Http\\Request), Object(Closure))
#60 C:\\Users\\USER\\OneDrive\\Documents\\Kuliah\\sem5\\peweb\\ETS-PWEB-C-main\\vendor\\fideloper\\proxy\\src\\TrustProxies.php(57): Illuminate\\Pipeline\\Pipeline->Illuminate\\Pipeline\\{closure}(Object(Illuminate\\Http\\Request))
#61 C:\\Users\\USER\\OneDrive\\Documents\\Kuliah\\sem5\\peweb\\ETS-PWEB-C-main\\vendor\\laravel\\framework\\src\\Illuminate\\Pipeline\\Pipeline.php(167): Fideloper\\Proxy\\TrustProxies->handle(Object(Illuminate\\Http\\Request), Object(Closure))
#62 C:\\Users\\USER\\OneDrive\\Documents\\Kuliah\\sem5\\peweb\\ETS-PWEB-C-main\\vendor\\laravel\\framework\\src\\Illuminate\\Pipeline\\Pipeline.php(103): Illuminate\\Pipeline\\Pipeline->Illuminate\\Pipeline\\{closure}(Object(Illuminate\\Http\\Request))
#63 C:\\Users\\USER\\OneDrive\\Documents\\Kuliah\\sem5\\peweb\\ETS-PWEB-C-main\\vendor\\laravel\\framework\\src\\Illuminate\\Foundation\\Http\\Kernel.php(140): Illuminate\\Pipeline\\Pipeline->then(Object(Closure))
#64 C:\\Users\\USER\\OneDrive\\Documents\\Kuliah\\sem5\\peweb\\ETS-PWEB-C-main\\vendor\\laravel\\framework\\src\\Illuminate\\Foundation\\Http\\Kernel.php(109): Illuminate\\Foundation\\Http\\Kernel->sendRequestThroughRouter(Object(Illuminate\\Http\\Request))
#65 C:\\Users\\USER\\OneDrive\\Documents\\Kuliah\\sem5\\peweb\\ETS-PWEB-C-main\\public\\index.php(55): Illuminate\\Foundation\\Http\\Kernel->handle(Object(Illuminate\\Http\\Request))
#66 C:\\Users\\USER\\OneDrive\\Documents\\Kuliah\\sem5\\peweb\\ETS-PWEB-C-main\\server.php(21): require_once('C:\\\\Users\\\\USER\\\\O...')
#67 {main}
"} 
[2022-10-27 22:50:37] local.ERROR: SQLSTATE[HY000] [2002] No connection could be made because the target machine actively refused it (SQL: select count(*) as aggregate from `users` where `email` = hidayat1@gmail.com) {"exception":"[object] (Illuminate\\Database\\QueryException(code: 2002): SQLSTATE[HY000] [2002] No connection could be made because the target machine actively refused it (SQL: select count(*) as aggregate from `users` where `email` = hidayat1@gmail.com) at C:\\Users\\USER\\OneDrive\\Documents\\Kuliah\\sem5\\peweb\\ETS-PWEB-C-main\\vendor\\laravel\\framework\\src\\Illuminate\\Database\\Connection.php:671)
[stacktrace]
#0 C:\\Users\\USER\\OneDrive\\Documents\\Kuliah\\sem5\\peweb\\ETS-PWEB-C-main\\vendor\\laravel\\framework\\src\\Illuminate\\Database\\Connection.php(631): Illuminate\\Database\\Connection->runQueryCallback('select count(*)...', Array, Object(Closure))
#1 C:\\Users\\USER\\OneDrive\\Documents\\Kuliah\\sem5\\peweb\\ETS-PWEB-C-main\\vendor\\laravel\\framework\\src\\Illuminate\\Database\\Connection.php(339): Illuminate\\Database\\Connection->run('select count(*)...', Array, Object(Closure))
#2 C:\\Users\\USER\\OneDrive\\Documents\\Kuliah\\sem5\\peweb\\ETS-PWEB-C-main\\vendor\\laravel\\framework\\src\\Illuminate\\Database\\Query\\Builder.php(2270): Illuminate\\Database\\Connection->select('select count(*)...', Array, false)
#3 C:\\Users\\USER\\OneDrive\\Documents\\Kuliah\\sem5\\peweb\\ETS-PWEB-C-main\\vendor\\laravel\\framework\\src\\Illuminate\\Database\\Query\\Builder.php(2258): Illuminate\\Database\\Query\\Builder->runSelect()
#4 C:\\Users\\USER\\OneDrive\\Documents\\Kuliah\\sem5\\peweb\\ETS-PWEB-C-main\\vendor\\laravel\\framework\\src\\Illuminate\\Database\\Query\\Builder.php(2753): Illuminate\\Database\\Query\\Builder->Illuminate\\Database\\Query\\{closure}()
#5 C:\\Users\\USER\\OneDrive\\Documents\\Kuliah\\sem5\\peweb\\ETS-PWEB-C-main\\vendor\\laravel\\framework\\src\\Illuminate\\Database\\Query\\Builder.php(2259): Illuminate\\Database\\Query\\Builder->onceWithColumns(Array, Object(Closure))
#6 C:\\Users\\USER\\OneDrive\\Documents\\Kuliah\\sem5\\peweb\\ETS-PWEB-C-main\\vendor\\laravel\\framework\\src\\Illuminate\\Database\\Query\\Builder.php(2680): Illuminate\\Database\\Query\\Builder->get(Array)
#7 C:\\Users\\USER\\OneDrive\\Documents\\Kuliah\\sem5\\peweb\\ETS-PWEB-C-main\\vendor\\laravel\\framework\\src\\Illuminate\\Database\\Query\\Builder.php(2608): Illuminate\\Database\\Query\\Builder->aggregate('count', Array)
#8 C:\\Users\\USER\\OneDrive\\Documents\\Kuliah\\sem5\\peweb\\ETS-PWEB-C-main\\vendor\\laravel\\framework\\src\\Illuminate\\Validation\\DatabasePresenceVerifier.php(55): Illuminate\\Database\\Query\\Builder->count()
#9 C:\\Users\\USER\\OneDrive\\Documents\\Kuliah\\sem5\\peweb\\ETS-PWEB-C-main\\vendor\\laravel\\framework\\src\\Illuminate\\Validation\\Concerns\\ValidatesAttributes.php(765): Illuminate\\Validation\\DatabasePresenceVerifier->getCount('users', 'email', 'hidayat1@gmail....', NULL, NULL, Array)
#10 C:\\Users\\USER\\OneDrive\\Documents\\Kuliah\\sem5\\peweb\\ETS-PWEB-C-main\\vendor\\laravel\\framework\\src\\Illuminate\\Validation\\Validator.php(553): Illuminate\\Validation\\Validator->validateUnique('email', 'hidayat1@gmail....', Array, Object(Illuminate\\Validation\\Validator))
#11 C:\\Users\\USER\\OneDrive\\Documents\\Kuliah\\sem5\\peweb\\ETS-PWEB-C-main\\vendor\\laravel\\framework\\src\\Illuminate\\Validation\\Validator.php(377): Illuminate\\Validation\\Validator->validateAttribute('email', 'Unique')
#12 C:\\Users\\USER\\OneDrive\\Documents\\Kuliah\\sem5\\peweb\\ETS-PWEB-C-main\\vendor\\laravel\\framework\\src\\Illuminate\\Validation\\Validator.php(408): Illuminate\\Validation\\Validator->passes()
#13 C:\\Users\\USER\\OneDrive\\Documents\\Kuliah\\sem5\\peweb\\ETS-PWEB-C-main\\vendor\\laravel\\framework\\src\\Illuminate\\Validation\\Validator.php(450): Illuminate\\Validation\\Validator->fails()
#14 C:\\Users\\USER\\OneDrive\\Documents\\Kuliah\\sem5\\peweb\\ETS-PWEB-C-main\\vendor\\laravel\\ui\\auth-backend\\RegistersUsers.php(32): Illuminate\\Validation\\Validator->validate()
#15 C:\\Users\\USER\\OneDrive\\Documents\\Kuliah\\sem5\\peweb\\ETS-PWEB-C-main\\vendor\\laravel\\framework\\src\\Illuminate\\Routing\\Controller.php(54): App\\Http\\Controllers\\Auth\\RegisterController->register(Object(Illuminate\\Http\\Request))
#16 C:\\Users\\USER\\OneDrive\\Documents\\Kuliah\\sem5\\peweb\\ETS-PWEB-C-main\\vendor\\laravel\\framework\\src\\Illuminate\\Routing\\ControllerDispatcher.php(45): Illuminate\\Routing\\Controller->callAction('register', Array)
#17 C:\\Users\\USER\\OneDrive\\Documents\\Kuliah\\sem5\\peweb\\ETS-PWEB-C-main\\vendor\\laravel\\framework\\src\\Illuminate\\Routing\\Route.php(239): Illuminate\\Routing\\ControllerDispatcher->dispatch(Object(Illuminate\\Routing\\Route), Object(App\\Http\\Controllers\\Auth\\RegisterController), 'register')
#18 C:\\Users\\USER\\OneDrive\\Documents\\Kuliah\\sem5\\peweb\\ETS-PWEB-C-main\\vendor\\laravel\\framework\\src\\Illuminate\\Routing\\Route.php(196): Illuminate\\Routing\\Route->runController()
#19 C:\\Users\\USER\\OneDrive\\Documents\\Kuliah\\sem5\\peweb\\ETS-PWEB-C-main\\vendor\\laravel\\framework\\src\\Illuminate\\Routing\\Router.php(685): Illuminate\\Routing\\Route->run()
#20 C:\\Users\\USER\\OneDrive\\Documents\\Kuliah\\sem5\\peweb\\ETS-PWEB-C-main\\vendor\\laravel\\framework\\src\\Illuminate\\Pipeline\\Pipeline.php(128): Illuminate\\Routing\\Router->Illuminate\\Routing\\{closure}(Object(Illuminate\\Http\\Request))
#21 C:\\Users\\USER\\OneDrive\\Documents\\Kuliah\\sem5\\peweb\\ETS-PWEB-C-main\\app\\Http\\Middleware\\RedirectIfAuthenticated.php(24): Illuminate\\Pipeline\\Pipeline->Illuminate\\Pipeline\\{closure}(Object(Illuminate\\Http\\Request))
#22 C:\\Users\\USER\\OneDrive\\Documents\\Kuliah\\sem5\\peweb\\ETS-PWEB-C-main\\vendor\\laravel\\framework\\src\\Illuminate\\Pipeline\\Pipeline.php(167): App\\Http\\Middleware\\RedirectIfAuthenticated->handle(Object(Illuminate\\Http\\Request), Object(Closure))
#23 C:\\Users\\USER\\OneDrive\\Documents\\Kuliah\\sem5\\peweb\\ETS-PWEB-C-main\\vendor\\laravel\\framework\\src\\Illuminate\\Routing\\Middleware\\SubstituteBindings.php(41): Illuminate\\Pipeline\\Pipeline->Illuminate\\Pipeline\\{closure}(Object(Illuminate\\Http\\Request))
#24 C:\\Users\\USER\\OneDrive\\Documents\\Kuliah\\sem5\\peweb\\ETS-PWEB-C-main\\vendor\\laravel\\framework\\src\\Illuminate\\Pipeline\\Pipeline.php(167): Illuminate\\Routing\\Middleware\\SubstituteBindings->handle(Object(Illuminate\\Http\\Request), Object(Closure))
#25 C:\\Users\\USER\\OneDrive\\Documents\\Kuliah\\sem5\\peweb\\ETS-PWEB-C-main\\vendor\\laravel\\framework\\src\\Illuminate\\Foundation\\Http\\Middleware\\VerifyCsrfToken.php(78): Illuminate\\Pipeline\\Pipeline->Illuminate\\Pipeline\\{closure}(Object(Illuminate\\Http\\Request))
#26 C:\\Users\\USER\\OneDrive\\Documents\\Kuliah\\sem5\\peweb\\ETS-PWEB-C-main\\vendor\\laravel\\framework\\src\\Illuminate\\Pipeline\\Pipeline.php(167): Illuminate\\Foundation\\Http\\Middleware\\VerifyCsrfToken->handle(Object(Illuminate\\Http\\Request), Object(Closure))
#27 C:\\Users\\USER\\OneDrive\\Documents\\Kuliah\\sem5\\peweb\\ETS-PWEB-C-main\\vendor\\laravel\\framework\\src\\Illuminate\\View\\Middleware\\ShareErrorsFromSession.php(49): Illuminate\\Pipeline\\Pipeline->Illuminate\\Pipeline\\{closure}(Object(Illuminate\\Http\\Request))
#28 C:\\Users\\USER\\OneDrive\\Documents\\Kuliah\\sem5\\peweb\\ETS-PWEB-C-main\\vendor\\laravel\\framework\\src\\Illuminate\\Pipeline\\Pipeline.php(167): Illuminate\\View\\Middleware\\ShareErrorsFromSession->handle(Object(Illuminate\\Http\\Request), Object(Closure))
#29 C:\\Users\\USER\\OneDrive\\Documents\\Kuliah\\sem5\\peweb\\ETS-PWEB-C-main\\vendor\\laravel\\framework\\src\\Illuminate\\Session\\Middleware\\StartSession.php(116): Illuminate\\Pipeline\\Pipeline->Illuminate\\Pipeline\\{closure}(Object(Illuminate\\Http\\Request))
#30 C:\\Users\\USER\\OneDrive\\Documents\\Kuliah\\sem5\\peweb\\ETS-PWEB-C-main\\vendor\\laravel\\framework\\src\\Illuminate\\Session\\Middleware\\StartSession.php(62): Illuminate\\Session\\Middleware\\StartSession->handleStatefulRequest(Object(Illuminate\\Http\\Request), Object(Illuminate\\Session\\Store), Object(Closure))
#31 C:\\Users\\USER\\OneDrive\\Documents\\Kuliah\\sem5\\peweb\\ETS-PWEB-C-main\\vendor\\laravel\\framework\\src\\Illuminate\\Pipeline\\Pipeline.php(167): Illuminate\\Session\\Middleware\\StartSession->handle(Object(Illuminate\\Http\\Request), Object(Closure))
#32 C:\\Users\\USER\\OneDrive\\Documents\\Kuliah\\sem5\\peweb\\ETS-PWEB-C-main\\vendor\\laravel\\framework\\src\\Illuminate\\Cookie\\Middleware\\AddQueuedCookiesToResponse.php(37): Illuminate\\Pipeline\\Pipeline->Illuminate\\Pipeline\\{closure}(Object(Illuminate\\Http\\Request))
#33 C:\\Users\\USER\\OneDrive\\Documents\\Kuliah\\sem5\\peweb\\ETS-PWEB-C-main\\vendor\\laravel\\framework\\src\\Illuminate\\Pipeline\\Pipeline.php(167): Illuminate\\Cookie\\Middleware\\AddQueuedCookiesToResponse->handle(Object(Illuminate\\Http\\Request), Object(Closure))
#34 C:\\Users\\USER\\OneDrive\\Documents\\Kuliah\\sem5\\peweb\\ETS-PWEB-C-main\\vendor\\laravel\\framework\\src\\Illuminate\\Cookie\\Middleware\\EncryptCookies.php(67): Illuminate\\Pipeline\\Pipeline->Illuminate\\Pipeline\\{closure}(Object(Illuminate\\Http\\Request))
#35 C:\\Users\\USER\\OneDrive\\Documents\\Kuliah\\sem5\\peweb\\ETS-PWEB-C-main\\vendor\\laravel\\framework\\src\\Illuminate\\Pipeline\\Pipeline.php(167): Illuminate\\Cookie\\Middleware\\EncryptCookies->handle(Object(Illuminate\\Http\\Request), Object(Closure))
#36 C:\\Users\\USER\\OneDrive\\Documents\\Kuliah\\sem5\\peweb\\ETS-PWEB-C-main\\vendor\\laravel\\framework\\src\\Illuminate\\Pipeline\\Pipeline.php(103): Illuminate\\Pipeline\\Pipeline->Illuminate\\Pipeline\\{closure}(Object(Illuminate\\Http\\Request))
#37 C:\\Users\\USER\\OneDrive\\Documents\\Kuliah\\sem5\\peweb\\ETS-PWEB-C-main\\vendor\\laravel\\framework\\src\\Illuminate\\Routing\\Router.php(687): Illuminate\\Pipeline\\Pipeline->then(Object(Closure))
#38 C:\\Users\\USER\\OneDrive\\Documents\\Kuliah\\sem5\\peweb\\ETS-PWEB-C-main\\vendor\\laravel\\framework\\src\\Illuminate\\Routing\\Router.php(662): Illuminate\\Routing\\Router->runRouteWithinStack(Object(Illuminate\\Routing\\Route), Object(Illuminate\\Http\\Request))
#39 C:\\Users\\USER\\OneDrive\\Documents\\Kuliah\\sem5\\peweb\\ETS-PWEB-C-main\\vendor\\laravel\\framework\\src\\Illuminate\\Routing\\Router.php(628): Illuminate\\Routing\\Router->runRoute(Object(Illuminate\\Http\\Request), Object(Illuminate\\Routing\\Route))
#40 C:\\Users\\USER\\OneDrive\\Documents\\Kuliah\\sem5\\peweb\\ETS-PWEB-C-main\\vendor\\laravel\\framework\\src\\Illuminate\\Routing\\Router.php(617): Illuminate\\Routing\\Router->dispatchToRoute(Object(Illuminate\\Http\\Request))
#41 C:\\Users\\USER\\OneDrive\\Documents\\Kuliah\\sem5\\peweb\\ETS-PWEB-C-main\\vendor\\laravel\\framework\\src\\Illuminate\\Foundation\\Http\\Kernel.php(165): Illuminate\\Routing\\Router->dispatch(Object(Illuminate\\Http\\Request))
#42 C:\\Users\\USER\\OneDrive\\Documents\\Kuliah\\sem5\\peweb\\ETS-PWEB-C-main\\vendor\\laravel\\framework\\src\\Illuminate\\Pipeline\\Pipeline.php(128): Illuminate\\Foundation\\Http\\Kernel->Illuminate\\Foundation\\Http\\{closure}(Object(Illuminate\\Http\\Request))
#43 C:\\Users\\USER\\OneDrive\\Documents\\Kuliah\\sem5\\peweb\\ETS-PWEB-C-main\\vendor\\laravel\\framework\\src\\Illuminate\\Foundation\\Http\\Middleware\\TransformsRequest.php(21): Illuminate\\Pipeline\\Pipeline->Illuminate\\Pipeline\\{closure}(Object(Illuminate\\Http\\Request))
#44 C:\\Users\\USER\\OneDrive\\Documents\\Kuliah\\sem5\\peweb\\ETS-PWEB-C-main\\vendor\\laravel\\framework\\src\\Illuminate\\Pipeline\\Pipeline.php(167): Illuminate\\Foundation\\Http\\Middleware\\TransformsRequest->handle(Object(Illuminate\\Http\\Request), Object(Closure))
#45 C:\\Users\\USER\\OneDrive\\Documents\\Kuliah\\sem5\\peweb\\ETS-PWEB-C-main\\vendor\\laravel\\framework\\src\\Illuminate\\Foundation\\Http\\Middleware\\TransformsRequest.php(21): Illuminate\\Pipeline\\Pipeline->Illuminate\\Pipeline\\{closure}(Object(Illuminate\\Http\\Request))
#46 C:\\Users\\USER\\OneDrive\\Documents\\Kuliah\\sem5\\peweb\\ETS-PWEB-C-main\\vendor\\laravel\\framework\\src\\Illuminate\\Pipeline\\Pipeline.php(167): Illuminate\\Foundation\\Http\\Middleware\\TransformsRequest->handle(Object(Illuminate\\Http\\Request), Object(Closure))
#47 C:\\Users\\USER\\OneDrive\\Documents\\Kuliah\\sem5\\peweb\\ETS-PWEB-C-main\\vendor\\laravel\\framework\\src\\Illuminate\\Foundation\\Http\\Middleware\\ValidatePostSize.php(27): Illuminate\\Pipeline\\Pipeline->Illuminate\\Pipeline\\{closure}(Object(Illuminate\\Http\\Request))
#48 C:\\Users\\USER\\OneDrive\\Documents\\Kuliah\\sem5\\peweb\\ETS-PWEB-C-main\\vendor\\laravel\\framework\\src\\Illuminate\\Pipeline\\Pipeline.php(167): Illuminate\\Foundation\\Http\\Middleware\\ValidatePostSize->handle(Object(Illuminate\\Http\\Request), Object(Closure))
#49 C:\\Users\\USER\\OneDrive\\Documents\\Kuliah\\sem5\\peweb\\ETS-PWEB-C-main\\vendor\\laravel\\framework\\src\\Illuminate\\Foundation\\Http\\Middleware\\CheckForMaintenanceMode.php(63): Illuminate\\Pipeline\\Pipeline->Illuminate\\Pipeline\\{closure}(Object(Illuminate\\Http\\Request))
#50 C:\\Users\\USER\\OneDrive\\Documents\\Kuliah\\sem5\\peweb\\ETS-PWEB-C-main\\vendor\\laravel\\framework\\src\\Illuminate\\Pipeline\\Pipeline.php(167): Illuminate\\Foundation\\Http\\Middleware\\CheckForMaintenanceMode->handle(Object(Illuminate\\Http\\Request), Object(Closure))
#51 C:\\Users\\USER\\OneDrive\\Documents\\Kuliah\\sem5\\peweb\\ETS-PWEB-C-main\\vendor\\fideloper\\proxy\\src\\TrustProxies.php(57): Illuminate\\Pipeline\\Pipeline->Illuminate\\Pipeline\\{closure}(Object(Illuminate\\Http\\Request))
#52 C:\\Users\\USER\\OneDrive\\Documents\\Kuliah\\sem5\\peweb\\ETS-PWEB-C-main\\vendor\\laravel\\framework\\src\\Illuminate\\Pipeline\\Pipeline.php(167): Fideloper\\Proxy\\TrustProxies->handle(Object(Illuminate\\Http\\Request), Object(Closure))
#53 C:\\Users\\USER\\OneDrive\\Documents\\Kuliah\\sem5\\peweb\\ETS-PWEB-C-main\\vendor\\laravel\\framework\\src\\Illuminate\\Pipeline\\Pipeline.php(103): Illuminate\\Pipeline\\Pipeline->Illuminate\\Pipeline\\{closure}(Object(Illuminate\\Http\\Request))
#54 C:\\Users\\USER\\OneDrive\\Documents\\Kuliah\\sem5\\peweb\\ETS-PWEB-C-main\\vendor\\laravel\\framework\\src\\Illuminate\\Foundation\\Http\\Kernel.php(140): Illuminate\\Pipeline\\Pipeline->then(Object(Closure))
#55 C:\\Users\\USER\\OneDrive\\Documents\\Kuliah\\sem5\\peweb\\ETS-PWEB-C-main\\vendor\\laravel\\framework\\src\\Illuminate\\Foundation\\Http\\Kernel.php(109): Illuminate\\Foundation\\Http\\Kernel->sendRequestThroughRouter(Object(Illuminate\\Http\\Request))
#56 C:\\Users\\USER\\OneDrive\\Documents\\Kuliah\\sem5\\peweb\\ETS-PWEB-C-main\\public\\index.php(55): Illuminate\\Foundation\\Http\\Kernel->handle(Object(Illuminate\\Http\\Request))
#57 C:\\Users\\USER\\OneDrive\\Documents\\Kuliah\\sem5\\peweb\\ETS-PWEB-C-main\\server.php(21): require_once('C:\\\\Users\\\\USER\\\\O...')
#58 {main}

[previous exception] [object] (PDOException(code: 2002): SQLSTATE[HY000] [2002] No connection could be made because the target machine actively refused it at C:\\Users\\USER\\OneDrive\\Documents\\Kuliah\\sem5\\peweb\\ETS-PWEB-C-main\\vendor\\laravel\\framework\\src\\Illuminate\\Database\\Connectors\\Connector.php:70)
[stacktrace]
#0 C:\\Users\\USER\\OneDrive\\Documents\\Kuliah\\sem5\\peweb\\ETS-PWEB-C-main\\vendor\\laravel\\framework\\src\\Illuminate\\Database\\Connectors\\Connector.php(70): PDO->__construct('mysql:host=127....', 'root', '', Array)
#1 C:\\Users\\USER\\OneDrive\\Documents\\Kuliah\\sem5\\peweb\\ETS-PWEB-C-main\\vendor\\laravel\\framework\\src\\Illuminate\\Database\\Connectors\\Connector.php(46): Illuminate\\Database\\Connectors\\Connector->createPdoConnection('mysql:host=127....', 'root', '', Array)
#2 C:\\Users\\USER\\OneDrive\\Documents\\Kuliah\\sem5\\peweb\\ETS-PWEB-C-main\\vendor\\laravel\\framework\\src\\Illuminate\\Database\\Connectors\\MySqlConnector.php(24): Illuminate\\Database\\Connectors\\Connector->createConnection('mysql:host=127....', Array, Array)
#3 C:\\Users\\USER\\OneDrive\\Documents\\Kuliah\\sem5\\peweb\\ETS-PWEB-C-main\\vendor\\laravel\\framework\\src\\Illuminate\\Database\\Connectors\\ConnectionFactory.php(184): Illuminate\\Database\\Connectors\\MySqlConnector->connect(Array)
#4 [internal function]: Illuminate\\Database\\Connectors\\ConnectionFactory->Illuminate\\Database\\Connectors\\{closure}()
#5 C:\\Users\\USER\\OneDrive\\Documents\\Kuliah\\sem5\\peweb\\ETS-PWEB-C-main\\vendor\\laravel\\framework\\src\\Illuminate\\Database\\Connection.php(926): call_user_func(Object(Closure))
#6 C:\\Users\\USER\\OneDrive\\Documents\\Kuliah\\sem5\\peweb\\ETS-PWEB-C-main\\vendor\\laravel\\framework\\src\\Illuminate\\Database\\Connection.php(405): Illuminate\\Database\\Connection->getPdo()
#7 C:\\Users\\USER\\OneDrive\\Documents\\Kuliah\\sem5\\peweb\\ETS-PWEB-C-main\\vendor\\laravel\\framework\\src\\Illuminate\\Database\\Connection.php(331): Illuminate\\Database\\Connection->getPdoForSelect(false)
#8 C:\\Users\\USER\\OneDrive\\Documents\\Kuliah\\sem5\\peweb\\ETS-PWEB-C-main\\vendor\\laravel\\framework\\src\\Illuminate\\Database\\Connection.php(664): Illuminate\\Database\\Connection->Illuminate\\Database\\{closure}('select count(*)...', Array)
#9 C:\\Users\\USER\\OneDrive\\Documents\\Kuliah\\sem5\\peweb\\ETS-PWEB-C-main\\vendor\\laravel\\framework\\src\\Illuminate\\Database\\Connection.php(631): Illuminate\\Database\\Connection->runQueryCallback('select count(*)...', Array, Object(Closure))
#10 C:\\Users\\USER\\OneDrive\\Documents\\Kuliah\\sem5\\peweb\\ETS-PWEB-C-main\\vendor\\laravel\\framework\\src\\Illuminate\\Database\\Connection.php(339): Illuminate\\Database\\Connection->run('select count(*)...', Array, Object(Closure))
#11 C:\\Users\\USER\\OneDrive\\Documents\\Kuliah\\sem5\\peweb\\ETS-PWEB-C-main\\vendor\\laravel\\framework\\src\\Illuminate\\Database\\Query\\Builder.php(2270): Illuminate\\Database\\Connection->select('select count(*)...', Array, false)
#12 C:\\Users\\USER\\OneDrive\\Documents\\Kuliah\\sem5\\peweb\\ETS-PWEB-C-main\\vendor\\laravel\\framework\\src\\Illuminate\\Database\\Query\\Builder.php(2258): Illuminate\\Database\\Query\\Builder->runSelect()
#13 C:\\Users\\USER\\OneDrive\\Documents\\Kuliah\\sem5\\peweb\\ETS-PWEB-C-main\\vendor\\laravel\\framework\\src\\Illuminate\\Database\\Query\\Builder.php(2753): Illuminate\\Database\\Query\\Builder->Illuminate\\Database\\Query\\{closure}()
#14 C:\\Users\\USER\\OneDrive\\Documents\\Kuliah\\sem5\\peweb\\ETS-PWEB-C-main\\vendor\\laravel\\framework\\src\\Illuminate\\Database\\Query\\Builder.php(2259): Illuminate\\Database\\Query\\Builder->onceWithColumns(Array, Object(Closure))
#15 C:\\Users\\USER\\OneDrive\\Documents\\Kuliah\\sem5\\peweb\\ETS-PWEB-C-main\\vendor\\laravel\\framework\\src\\Illuminate\\Database\\Query\\Builder.php(2680): Illuminate\\Database\\Query\\Builder->get(Array)
#16 C:\\Users\\USER\\OneDrive\\Documents\\Kuliah\\sem5\\peweb\\ETS-PWEB-C-main\\vendor\\laravel\\framework\\src\\Illuminate\\Database\\Query\\Builder.php(2608): Illuminate\\Database\\Query\\Builder->aggregate('count', Array)
#17 C:\\Users\\USER\\OneDrive\\Documents\\Kuliah\\sem5\\peweb\\ETS-PWEB-C-main\\vendor\\laravel\\framework\\src\\Illuminate\\Validation\\DatabasePresenceVerifier.php(55): Illuminate\\Database\\Query\\Builder->count()
#18 C:\\Users\\USER\\OneDrive\\Documents\\Kuliah\\sem5\\peweb\\ETS-PWEB-C-main\\vendor\\laravel\\framework\\src\\Illuminate\\Validation\\Concerns\\ValidatesAttributes.php(765): Illuminate\\Validation\\DatabasePresenceVerifier->getCount('users', 'email', 'hidayat1@gmail....', NULL, NULL, Array)
#19 C:\\Users\\USER\\OneDrive\\Documents\\Kuliah\\sem5\\peweb\\ETS-PWEB-C-main\\vendor\\laravel\\framework\\src\\Illuminate\\Validation\\Validator.php(553): Illuminate\\Validation\\Validator->validateUnique('email', 'hidayat1@gmail....', Array, Object(Illuminate\\Validation\\Validator))
#20 C:\\Users\\USER\\OneDrive\\Documents\\Kuliah\\sem5\\peweb\\ETS-PWEB-C-main\\vendor\\laravel\\framework\\src\\Illuminate\\Validation\\Validator.php(377): Illuminate\\Validation\\Validator->validateAttribute('email', 'Unique')
#21 C:\\Users\\USER\\OneDrive\\Documents\\Kuliah\\sem5\\peweb\\ETS-PWEB-C-main\\vendor\\laravel\\framework\\src\\Illuminate\\Validation\\Validator.php(408): Illuminate\\Validation\\Validator->passes()
#22 C:\\Users\\USER\\OneDrive\\Documents\\Kuliah\\sem5\\peweb\\ETS-PWEB-C-main\\vendor\\laravel\\framework\\src\\Illuminate\\Validation\\Validator.php(450): Illuminate\\Validation\\Validator->fails()
#23 C:\\Users\\USER\\OneDrive\\Documents\\Kuliah\\sem5\\peweb\\ETS-PWEB-C-main\\vendor\\laravel\\ui\\auth-backend\\RegistersUsers.php(32): Illuminate\\Validation\\Validator->validate()
#24 C:\\Users\\USER\\OneDrive\\Documents\\Kuliah\\sem5\\peweb\\ETS-PWEB-C-main\\vendor\\laravel\\framework\\src\\Illuminate\\Routing\\Controller.php(54): App\\Http\\Controllers\\Auth\\RegisterController->register(Object(Illuminate\\Http\\Request))
#25 C:\\Users\\USER\\OneDrive\\Documents\\Kuliah\\sem5\\peweb\\ETS-PWEB-C-main\\vendor\\laravel\\framework\\src\\Illuminate\\Routing\\ControllerDispatcher.php(45): Illuminate\\Routing\\Controller->callAction('register', Array)
#26 C:\\Users\\USER\\OneDrive\\Documents\\Kuliah\\sem5\\peweb\\ETS-PWEB-C-main\\vendor\\laravel\\framework\\src\\Illuminate\\Routing\\Route.php(239): Illuminate\\Routing\\ControllerDispatcher->dispatch(Object(Illuminate\\Routing\\Route), Object(App\\Http\\Controllers\\Auth\\RegisterController), 'register')
#27 C:\\Users\\USER\\OneDrive\\Documents\\Kuliah\\sem5\\peweb\\ETS-PWEB-C-main\\vendor\\laravel\\framework\\src\\Illuminate\\Routing\\Route.php(196): Illuminate\\Routing\\Route->runController()
#28 C:\\Users\\USER\\OneDrive\\Documents\\Kuliah\\sem5\\peweb\\ETS-PWEB-C-main\\vendor\\laravel\\framework\\src\\Illuminate\\Routing\\Router.php(685): Illuminate\\Routing\\Route->run()
#29 C:\\Users\\USER\\OneDrive\\Documents\\Kuliah\\sem5\\peweb\\ETS-PWEB-C-main\\vendor\\laravel\\framework\\src\\Illuminate\\Pipeline\\Pipeline.php(128): Illuminate\\Routing\\Router->Illuminate\\Routing\\{closure}(Object(Illuminate\\Http\\Request))
#30 C:\\Users\\USER\\OneDrive\\Documents\\Kuliah\\sem5\\peweb\\ETS-PWEB-C-main\\app\\Http\\Middleware\\RedirectIfAuthenticated.php(24): Illuminate\\Pipeline\\Pipeline->Illuminate\\Pipeline\\{closure}(Object(Illuminate\\Http\\Request))
#31 C:\\Users\\USER\\OneDrive\\Documents\\Kuliah\\sem5\\peweb\\ETS-PWEB-C-main\\vendor\\laravel\\framework\\src\\Illuminate\\Pipeline\\Pipeline.php(167): App\\Http\\Middleware\\RedirectIfAuthenticated->handle(Object(Illuminate\\Http\\Request), Object(Closure))
#32 C:\\Users\\USER\\OneDrive\\Documents\\Kuliah\\sem5\\peweb\\ETS-PWEB-C-main\\vendor\\laravel\\framework\\src\\Illuminate\\Routing\\Middleware\\SubstituteBindings.php(41): Illuminate\\Pipeline\\Pipeline->Illuminate\\Pipeline\\{closure}(Object(Illuminate\\Http\\Request))
#33 C:\\Users\\USER\\OneDrive\\Documents\\Kuliah\\sem5\\peweb\\ETS-PWEB-C-main\\vendor\\laravel\\framework\\src\\Illuminate\\Pipeline\\Pipeline.php(167): Illuminate\\Routing\\Middleware\\SubstituteBindings->handle(Object(Illuminate\\Http\\Request), Object(Closure))
#34 C:\\Users\\USER\\OneDrive\\Documents\\Kuliah\\sem5\\peweb\\ETS-PWEB-C-main\\vendor\\laravel\\framework\\src\\Illuminate\\Foundation\\Http\\Middleware\\VerifyCsrfToken.php(78): Illuminate\\Pipeline\\Pipeline->Illuminate\\Pipeline\\{closure}(Object(Illuminate\\Http\\Request))
#35 C:\\Users\\USER\\OneDrive\\Documents\\Kuliah\\sem5\\peweb\\ETS-PWEB-C-main\\vendor\\laravel\\framework\\src\\Illuminate\\Pipeline\\Pipeline.php(167): Illuminate\\Foundation\\Http\\Middleware\\VerifyCsrfToken->handle(Object(Illuminate\\Http\\Request), Object(Closure))
#36 C:\\Users\\USER\\OneDrive\\Documents\\Kuliah\\sem5\\peweb\\ETS-PWEB-C-main\\vendor\\laravel\\framework\\src\\Illuminate\\View\\Middleware\\ShareErrorsFromSession.php(49): Illuminate\\Pipeline\\Pipeline->Illuminate\\Pipeline\\{closure}(Object(Illuminate\\Http\\Request))
#37 C:\\Users\\USER\\OneDrive\\Documents\\Kuliah\\sem5\\peweb\\ETS-PWEB-C-main\\vendor\\laravel\\framework\\src\\Illuminate\\Pipeline\\Pipeline.php(167): Illuminate\\View\\Middleware\\ShareErrorsFromSession->handle(Object(Illuminate\\Http\\Request), Object(Closure))
#38 C:\\Users\\USER\\OneDrive\\Documents\\Kuliah\\sem5\\peweb\\ETS-PWEB-C-main\\vendor\\laravel\\framework\\src\\Illuminate\\Session\\Middleware\\StartSession.php(116): Illuminate\\Pipeline\\Pipeline->Illuminate\\Pipeline\\{closure}(Object(Illuminate\\Http\\Request))
#39 C:\\Users\\USER\\OneDrive\\Documents\\Kuliah\\sem5\\peweb\\ETS-PWEB-C-main\\vendor\\laravel\\framework\\src\\Illuminate\\Session\\Middleware\\StartSession.php(62): Illuminate\\Session\\Middleware\\StartSession->handleStatefulRequest(Object(Illuminate\\Http\\Request), Object(Illuminate\\Session\\Store), Object(Closure))
#40 C:\\Users\\USER\\OneDrive\\Documents\\Kuliah\\sem5\\peweb\\ETS-PWEB-C-main\\vendor\\laravel\\framework\\src\\Illuminate\\Pipeline\\Pipeline.php(167): Illuminate\\Session\\Middleware\\StartSession->handle(Object(Illuminate\\Http\\Request), Object(Closure))
#41 C:\\Users\\USER\\OneDrive\\Documents\\Kuliah\\sem5\\peweb\\ETS-PWEB-C-main\\vendor\\laravel\\framework\\src\\Illuminate\\Cookie\\Middleware\\AddQueuedCookiesToResponse.php(37): Illuminate\\Pipeline\\Pipeline->Illuminate\\Pipeline\\{closure}(Object(Illuminate\\Http\\Request))
#42 C:\\Users\\USER\\OneDrive\\Documents\\Kuliah\\sem5\\peweb\\ETS-PWEB-C-main\\vendor\\laravel\\framework\\src\\Illuminate\\Pipeline\\Pipeline.php(167): Illuminate\\Cookie\\Middleware\\AddQueuedCookiesToResponse->handle(Object(Illuminate\\Http\\Request), Object(Closure))
#43 C:\\Users\\USER\\OneDrive\\Documents\\Kuliah\\sem5\\peweb\\ETS-PWEB-C-main\\vendor\\laravel\\framework\\src\\Illuminate\\Cookie\\Middleware\\EncryptCookies.php(67): Illuminate\\Pipeline\\Pipeline->Illuminate\\Pipeline\\{closure}(Object(Illuminate\\Http\\Request))
#44 C:\\Users\\USER\\OneDrive\\Documents\\Kuliah\\sem5\\peweb\\ETS-PWEB-C-main\\vendor\\laravel\\framework\\src\\Illuminate\\Pipeline\\Pipeline.php(167): Illuminate\\Cookie\\Middleware\\EncryptCookies->handle(Object(Illuminate\\Http\\Request), Object(Closure))
#45 C:\\Users\\USER\\OneDrive\\Documents\\Kuliah\\sem5\\peweb\\ETS-PWEB-C-main\\vendor\\laravel\\framework\\src\\Illuminate\\Pipeline\\Pipeline.php(103): Illuminate\\Pipeline\\Pipeline->Illuminate\\Pipeline\\{closure}(Object(Illuminate\\Http\\Request))
#46 C:\\Users\\USER\\OneDrive\\Documents\\Kuliah\\sem5\\peweb\\ETS-PWEB-C-main\\vendor\\laravel\\framework\\src\\Illuminate\\Routing\\Router.php(687): Illuminate\\Pipeline\\Pipeline->then(Object(Closure))
#47 C:\\Users\\USER\\OneDrive\\Documents\\Kuliah\\sem5\\peweb\\ETS-PWEB-C-main\\vendor\\laravel\\framework\\src\\Illuminate\\Routing\\Router.php(662): Illuminate\\Routing\\Router->runRouteWithinStack(Object(Illuminate\\Routing\\Route), Object(Illuminate\\Http\\Request))
#48 C:\\Users\\USER\\OneDrive\\Documents\\Kuliah\\sem5\\peweb\\ETS-PWEB-C-main\\vendor\\laravel\\framework\\src\\Illuminate\\Routing\\Router.php(628): Illuminate\\Routing\\Router->runRoute(Object(Illuminate\\Http\\Request), Object(Illuminate\\Routing\\Route))
#49 C:\\Users\\USER\\OneDrive\\Documents\\Kuliah\\sem5\\peweb\\ETS-PWEB-C-main\\vendor\\laravel\\framework\\src\\Illuminate\\Routing\\Router.php(617): Illuminate\\Routing\\Router->dispatchToRoute(Object(Illuminate\\Http\\Request))
#50 C:\\Users\\USER\\OneDrive\\Documents\\Kuliah\\sem5\\peweb\\ETS-PWEB-C-main\\vendor\\laravel\\framework\\src\\Illuminate\\Foundation\\Http\\Kernel.php(165): Illuminate\\Routing\\Router->dispatch(Object(Illuminate\\Http\\Request))
#51 C:\\Users\\USER\\OneDrive\\Documents\\Kuliah\\sem5\\peweb\\ETS-PWEB-C-main\\vendor\\laravel\\framework\\src\\Illuminate\\Pipeline\\Pipeline.php(128): Illuminate\\Foundation\\Http\\Kernel->Illuminate\\Foundation\\Http\\{closure}(Object(Illuminate\\Http\\Request))
#52 C:\\Users\\USER\\OneDrive\\Documents\\Kuliah\\sem5\\peweb\\ETS-PWEB-C-main\\vendor\\laravel\\framework\\src\\Illuminate\\Foundation\\Http\\Middleware\\TransformsRequest.php(21): Illuminate\\Pipeline\\Pipeline->Illuminate\\Pipeline\\{closure}(Object(Illuminate\\Http\\Request))
#53 C:\\Users\\USER\\OneDrive\\Documents\\Kuliah\\sem5\\peweb\\ETS-PWEB-C-main\\vendor\\laravel\\framework\\src\\Illuminate\\Pipeline\\Pipeline.php(167): Illuminate\\Foundation\\Http\\Middleware\\TransformsRequest->handle(Object(Illuminate\\Http\\Request), Object(Closure))
#54 C:\\Users\\USER\\OneDrive\\Documents\\Kuliah\\sem5\\peweb\\ETS-PWEB-C-main\\vendor\\laravel\\framework\\src\\Illuminate\\Foundation\\Http\\Middleware\\TransformsRequest.php(21): Illuminate\\Pipeline\\Pipeline->Illuminate\\Pipeline\\{closure}(Object(Illuminate\\Http\\Request))
#55 C:\\Users\\USER\\OneDrive\\Documents\\Kuliah\\sem5\\peweb\\ETS-PWEB-C-main\\vendor\\laravel\\framework\\src\\Illuminate\\Pipeline\\Pipeline.php(167): Illuminate\\Foundation\\Http\\Middleware\\TransformsRequest->handle(Object(Illuminate\\Http\\Request), Object(Closure))
#56 C:\\Users\\USER\\OneDrive\\Documents\\Kuliah\\sem5\\peweb\\ETS-PWEB-C-main\\vendor\\laravel\\framework\\src\\Illuminate\\Foundation\\Http\\Middleware\\ValidatePostSize.php(27): Illuminate\\Pipeline\\Pipeline->Illuminate\\Pipeline\\{closure}(Object(Illuminate\\Http\\Request))
#57 C:\\Users\\USER\\OneDrive\\Documents\\Kuliah\\sem5\\peweb\\ETS-PWEB-C-main\\vendor\\laravel\\framework\\src\\Illuminate\\Pipeline\\Pipeline.php(167): Illuminate\\Foundation\\Http\\Middleware\\ValidatePostSize->handle(Object(Illuminate\\Http\\Request), Object(Closure))
#58 C:\\Users\\USER\\OneDrive\\Documents\\Kuliah\\sem5\\peweb\\ETS-PWEB-C-main\\vendor\\laravel\\framework\\src\\Illuminate\\Foundation\\Http\\Middleware\\CheckForMaintenanceMode.php(63): Illuminate\\Pipeline\\Pipeline->Illuminate\\Pipeline\\{closure}(Object(Illuminate\\Http\\Request))
#59 C:\\Users\\USER\\OneDrive\\Documents\\Kuliah\\sem5\\peweb\\ETS-PWEB-C-main\\vendor\\laravel\\framework\\src\\Illuminate\\Pipeline\\Pipeline.php(167): Illuminate\\Foundation\\Http\\Middleware\\CheckForMaintenanceMode->handle(Object(Illuminate\\Http\\Request), Object(Closure))
#60 C:\\Users\\USER\\OneDrive\\Documents\\Kuliah\\sem5\\peweb\\ETS-PWEB-C-main\\vendor\\fideloper\\proxy\\src\\TrustProxies.php(57): Illuminate\\Pipeline\\Pipeline->Illuminate\\Pipeline\\{closure}(Object(Illuminate\\Http\\Request))
#61 C:\\Users\\USER\\OneDrive\\Documents\\Kuliah\\sem5\\peweb\\ETS-PWEB-C-main\\vendor\\laravel\\framework\\src\\Illuminate\\Pipeline\\Pipeline.php(167): Fideloper\\Proxy\\TrustProxies->handle(Object(Illuminate\\Http\\Request), Object(Closure))
#62 C:\\Users\\USER\\OneDrive\\Documents\\Kuliah\\sem5\\peweb\\ETS-PWEB-C-main\\vendor\\laravel\\framework\\src\\Illuminate\\Pipeline\\Pipeline.php(103): Illuminate\\Pipeline\\Pipeline->Illuminate\\Pipeline\\{closure}(Object(Illuminate\\Http\\Request))
#63 C:\\Users\\USER\\OneDrive\\Documents\\Kuliah\\sem5\\peweb\\ETS-PWEB-C-main\\vendor\\laravel\\framework\\src\\Illuminate\\Foundation\\Http\\Kernel.php(140): Illuminate\\Pipeline\\Pipeline->then(Object(Closure))
#64 C:\\Users\\USER\\OneDrive\\Documents\\Kuliah\\sem5\\peweb\\ETS-PWEB-C-main\\vendor\\laravel\\framework\\src\\Illuminate\\Foundation\\Http\\Kernel.php(109): Illuminate\\Foundation\\Http\\Kernel->sendRequestThroughRouter(Object(Illuminate\\Http\\Request))
#65 C:\\Users\\USER\\OneDrive\\Documents\\Kuliah\\sem5\\peweb\\ETS-PWEB-C-main\\public\\index.php(55): Illuminate\\Foundation\\Http\\Kernel->handle(Object(Illuminate\\Http\\Request))
#66 C:\\Users\\USER\\OneDrive\\Documents\\Kuliah\\sem5\\peweb\\ETS-PWEB-C-main\\server.php(21): require_once('C:\\\\Users\\\\USER\\\\O...')
#67 {main}
"} 
